mode: set
github.com/ervand7/urlshortener/internal/config/config.go:26.13,31.2 4 1
github.com/ervand7/urlshortener/internal/config/config.go:40.32,41.25 1 0
github.com/ervand7/urlshortener/internal/config/config.go:44.2,45.22 2 0
github.com/ervand7/urlshortener/internal/config/config.go:41.25,43.3 1 0
github.com/ervand7/urlshortener/internal/config/config.go:48.26,49.19 1 0
github.com/ervand7/urlshortener/internal/config/config.go:52.2,53.16 2 0
github.com/ervand7/urlshortener/internal/config/config.go:49.19,51.3 1 0
github.com/ervand7/urlshortener/internal/config/config.go:56.34,57.27 1 0
github.com/ervand7/urlshortener/internal/config/config.go:60.2,61.24 2 0
github.com/ervand7/urlshortener/internal/config/config.go:57.27,59.3 1 0
github.com/ervand7/urlshortener/internal/config/config.go:64.30,65.23 1 0
github.com/ervand7/urlshortener/internal/config/config.go:68.2,69.20 2 0
github.com/ervand7/urlshortener/internal/config/config.go:65.23,67.3 1 0
github.com/ervand7/urlshortener/internal/config/config.go:72.25,75.16 3 1
github.com/ervand7/urlshortener/internal/config/config.go:79.2,80.25 2 1
github.com/ervand7/urlshortener/internal/config/config.go:83.2,83.24 1 1
github.com/ervand7/urlshortener/internal/config/config.go:86.2,86.32 1 1
github.com/ervand7/urlshortener/internal/config/config.go:89.2,89.28 1 1
github.com/ervand7/urlshortener/internal/config/config.go:93.2,93.12 1 1
github.com/ervand7/urlshortener/internal/config/config.go:75.16,77.3 1 0
github.com/ervand7/urlshortener/internal/config/config.go:80.25,82.3 1 1
github.com/ervand7/urlshortener/internal/config/config.go:83.24,85.3 1 1
github.com/ervand7/urlshortener/internal/config/config.go:86.32,88.3 1 1
github.com/ervand7/urlshortener/internal/config/config.go:89.28,91.3 1 0
github.com/ervand7/urlshortener/internal/controllers/algorithms/is_subset.go:4.44,5.30 1 1
github.com/ervand7/urlshortener/internal/controllers/algorithms/is_subset.go:9.2,10.26 2 1
github.com/ervand7/urlshortener/internal/controllers/algorithms/is_subset.go:13.2,13.27 1 1
github.com/ervand7/urlshortener/internal/controllers/algorithms/is_subset.go:19.2,19.13 1 1
github.com/ervand7/urlshortener/internal/controllers/algorithms/is_subset.go:5.30,7.3 1 0
github.com/ervand7/urlshortener/internal/controllers/algorithms/is_subset.go:10.26,12.3 1 1
github.com/ervand7/urlshortener/internal/controllers/algorithms/is_subset.go:13.27,14.28 1 1
github.com/ervand7/urlshortener/internal/controllers/algorithms/is_subset.go:14.28,16.4 1 1
github.com/ervand7/urlshortener/internal/controllers/algorithms/url.go:12.13,14.2 1 1
github.com/ervand7/urlshortener/internal/controllers/algorithms/url.go:16.32,19.24 3 1
github.com/ervand7/urlshortener/internal/controllers/algorithms/url.go:23.2,23.51 1 1
github.com/ervand7/urlshortener/internal/controllers/algorithms/url.go:19.24,22.3 2 1
github.com/ervand7/urlshortener/internal/controllers/algorithms/url.go:26.42,28.30 2 1
github.com/ervand7/urlshortener/internal/controllers/algorithms/url.go:28.30,29.37 1 1
github.com/ervand7/urlshortener/internal/controllers/algorithms/url.go:29.37,31.4 1 1
github.com/ervand7/urlshortener/internal/controllers/storage/dbstorage/test_data.go:8.18,11.15 3 1
github.com/ervand7/urlshortener/internal/controllers/storage/dbstorage/test_data.go:11.15,12.72 1 1
github.com/ervand7/urlshortener/internal/controllers/storage/dbstorage/test_data.go:12.72,14.4 1 0
github.com/ervand7/urlshortener/internal/controllers/storage/dbstorage/dbstorage.go:40.43,50.2 3 1
github.com/ervand7/urlshortener/internal/controllers/storage/dbstorage/dbstorage.go:52.82,55.16 3 1
github.com/ervand7/urlshortener/internal/controllers/storage/dbstorage/dbstorage.go:58.2,60.18 2 1
github.com/ervand7/urlshortener/internal/controllers/storage/dbstorage/dbstorage.go:66.2,67.16 2 1
github.com/ervand7/urlshortener/internal/controllers/storage/dbstorage/dbstorage.go:70.2,70.27 1 1
github.com/ervand7/urlshortener/internal/controllers/storage/dbstorage/dbstorage.go:74.2,74.12 1 1
github.com/ervand7/urlshortener/internal/controllers/storage/dbstorage/dbstorage.go:55.16,57.3 1 0
github.com/ervand7/urlshortener/internal/controllers/storage/dbstorage/dbstorage.go:60.18,62.17 2 1
github.com/ervand7/urlshortener/internal/controllers/storage/dbstorage/dbstorage.go:62.17,64.4 1 0
github.com/ervand7/urlshortener/internal/controllers/storage/dbstorage/dbstorage.go:67.16,69.3 1 0
github.com/ervand7/urlshortener/internal/controllers/storage/dbstorage/dbstorage.go:70.27,72.3 1 0
github.com/ervand7/urlshortener/internal/controllers/storage/dbstorage/dbstorage.go:77.82,79.16 2 1
github.com/ervand7/urlshortener/internal/controllers/storage/dbstorage/dbstorage.go:82.2,82.15 1 1
github.com/ervand7/urlshortener/internal/controllers/storage/dbstorage/dbstorage.go:86.2,87.16 2 1
github.com/ervand7/urlshortener/internal/controllers/storage/dbstorage/dbstorage.go:90.2,90.15 1 1
github.com/ervand7/urlshortener/internal/controllers/storage/dbstorage/dbstorage.go:97.2,97.30 1 1
github.com/ervand7/urlshortener/internal/controllers/storage/dbstorage/dbstorage.go:103.2,103.29 1 1
github.com/ervand7/urlshortener/internal/controllers/storage/dbstorage/dbstorage.go:79.16,81.3 1 0
github.com/ervand7/urlshortener/internal/controllers/storage/dbstorage/dbstorage.go:82.15,84.3 1 1
github.com/ervand7/urlshortener/internal/controllers/storage/dbstorage/dbstorage.go:87.16,89.3 1 0
github.com/ervand7/urlshortener/internal/controllers/storage/dbstorage/dbstorage.go:90.15,92.17 2 1
github.com/ervand7/urlshortener/internal/controllers/storage/dbstorage/dbstorage.go:92.17,94.4 1 0
github.com/ervand7/urlshortener/internal/controllers/storage/dbstorage/dbstorage.go:97.30,98.78 1 1
github.com/ervand7/urlshortener/internal/controllers/storage/dbstorage/dbstorage.go:98.78,100.4 1 0
github.com/ervand7/urlshortener/internal/controllers/storage/dbstorage/dbstorage.go:106.87,113.16 4 1
github.com/ervand7/urlshortener/internal/controllers/storage/dbstorage/dbstorage.go:116.2,116.13 1 1
github.com/ervand7/urlshortener/internal/controllers/storage/dbstorage/dbstorage.go:120.2,120.20 1 1
github.com/ervand7/urlshortener/internal/controllers/storage/dbstorage/dbstorage.go:113.16,115.3 1 0
github.com/ervand7/urlshortener/internal/controllers/storage/dbstorage/dbstorage.go:116.13,118.3 1 0
github.com/ervand7/urlshortener/internal/controllers/storage/dbstorage/dbstorage.go:125.43,129.16 2 1
github.com/ervand7/urlshortener/internal/controllers/storage/dbstorage/dbstorage.go:132.2,133.16 2 1
github.com/ervand7/urlshortener/internal/controllers/storage/dbstorage/dbstorage.go:136.2,143.18 4 1
github.com/ervand7/urlshortener/internal/controllers/storage/dbstorage/dbstorage.go:155.2,155.20 1 1
github.com/ervand7/urlshortener/internal/controllers/storage/dbstorage/dbstorage.go:129.16,131.3 1 0
github.com/ervand7/urlshortener/internal/controllers/storage/dbstorage/dbstorage.go:133.16,135.3 1 0
github.com/ervand7/urlshortener/internal/controllers/storage/dbstorage/dbstorage.go:143.18,145.17 2 1
github.com/ervand7/urlshortener/internal/controllers/storage/dbstorage/dbstorage.go:148.3,152.32 2 1
github.com/ervand7/urlshortener/internal/controllers/storage/dbstorage/dbstorage.go:145.17,147.4 1 0
github.com/ervand7/urlshortener/internal/controllers/storage/dbstorage/dbstorage.go:158.56,159.32 1 1
github.com/ervand7/urlshortener/internal/controllers/storage/dbstorage/dbstorage.go:159.32,160.25 1 1
github.com/ervand7/urlshortener/internal/controllers/storage/dbstorage/dbstorage.go:160.25,162.4 1 1
github.com/ervand7/urlshortener/internal/controllers/storage/dbstorage/dbstorage.go:166.35,168.6 2 1
github.com/ervand7/urlshortener/internal/controllers/storage/dbstorage/dbstorage.go:168.6,169.10 1 1
github.com/ervand7/urlshortener/internal/controllers/storage/dbstorage/dbstorage.go:170.32,171.20 1 1
github.com/ervand7/urlshortener/internal/controllers/storage/dbstorage/dbstorage.go:175.4,176.28 2 1
github.com/ervand7/urlshortener/internal/controllers/storage/dbstorage/dbstorage.go:180.20,181.22 1 1
github.com/ervand7/urlshortener/internal/controllers/storage/dbstorage/dbstorage.go:171.20,174.5 2 1
github.com/ervand7/urlshortener/internal/controllers/storage/dbstorage/dbstorage.go:176.28,179.5 2 0
github.com/ervand7/urlshortener/internal/controllers/storage/dbstorage/dbstorage.go:181.22,183.5 1 1
github.com/ervand7/urlshortener/internal/controllers/storage/dbstorage/dbstorage.go:188.48,192.12 4 1
github.com/ervand7/urlshortener/internal/controllers/storage/dbstorage/dbstorage.go:192.12,194.17 2 1
github.com/ervand7/urlshortener/internal/controllers/storage/dbstorage/dbstorage.go:194.17,196.4 1 0
github.com/ervand7/urlshortener/internal/controllers/storage/dbstorage/dbstorage.go:200.80,206.16 2 1
github.com/ervand7/urlshortener/internal/controllers/storage/dbstorage/dbstorage.go:210.2,210.12 1 1
github.com/ervand7/urlshortener/internal/controllers/storage/dbstorage/dbstorage.go:206.16,208.3 1 0
github.com/ervand7/urlshortener/internal/controllers/storage/dbstorage/settings.go:26.27,28.16 2 1
github.com/ervand7/urlshortener/internal/controllers/storage/dbstorage/settings.go:31.2,33.16 3 1
github.com/ervand7/urlshortener/internal/controllers/storage/dbstorage/settings.go:28.16,30.3 1 0
github.com/ervand7/urlshortener/internal/controllers/storage/dbstorage/settings.go:33.16,35.3 1 0
github.com/ervand7/urlshortener/internal/controllers/storage/dbstorage/settings.go:38.45,40.16 2 1
github.com/ervand7/urlshortener/internal/controllers/storage/dbstorage/settings.go:43.2,44.12 2 1
github.com/ervand7/urlshortener/internal/controllers/storage/dbstorage/settings.go:40.16,42.3 1 0
github.com/ervand7/urlshortener/internal/controllers/storage/dbstorage/settings.go:47.45,49.16 2 0
github.com/ervand7/urlshortener/internal/controllers/storage/dbstorage/settings.go:52.2,52.12 1 0
github.com/ervand7/urlshortener/internal/controllers/storage/dbstorage/settings.go:49.16,51.3 1 0
github.com/ervand7/urlshortener/internal/controllers/storage/dbstorage/settings.go:55.40,57.16 2 0
github.com/ervand7/urlshortener/internal/controllers/storage/dbstorage/settings.go:60.2,60.12 1 0
github.com/ervand7/urlshortener/internal/controllers/storage/dbstorage/settings.go:57.16,59.3 1 0
github.com/ervand7/urlshortener/internal/controllers/storage/dbstorage/settings.go:63.47,64.37 1 1
github.com/ervand7/urlshortener/internal/controllers/storage/dbstorage/settings.go:64.37,66.3 1 0
github.com/ervand7/urlshortener/internal/controllers/storage/dbstorage/settings.go:69.43,70.68 1 1
github.com/ervand7/urlshortener/internal/controllers/storage/dbstorage/settings.go:73.2,73.12 1 1
github.com/ervand7/urlshortener/internal/controllers/storage/dbstorage/settings.go:70.68,72.3 1 0
github.com/ervand7/urlshortener/internal/controllers/storage/dbstorage/settings.go:76.35,81.2 4 1
github.com/ervand7/urlshortener/internal/controllers/storage/dbstorage/settings.go:83.32,88.2 4 1
github.com/ervand7/urlshortener/internal/controllers/storage/filestorage/consumer.go:16.59,17.23 1 1
github.com/ervand7/urlshortener/internal/controllers/storage/filestorage/consumer.go:20.2,21.23 2 1
github.com/ervand7/urlshortener/internal/controllers/storage/filestorage/consumer.go:27.2,27.20 1 1
github.com/ervand7/urlshortener/internal/controllers/storage/filestorage/consumer.go:17.23,19.3 1 0
github.com/ervand7/urlshortener/internal/controllers/storage/filestorage/consumer.go:21.23,23.54 2 1
github.com/ervand7/urlshortener/internal/controllers/storage/filestorage/consumer.go:23.54,25.4 1 0
github.com/ervand7/urlshortener/internal/controllers/storage/filestorage/consumer.go:30.34,32.2 1 1
github.com/ervand7/urlshortener/internal/controllers/storage/filestorage/consumer.go:34.39,37.16 3 1
github.com/ervand7/urlshortener/internal/controllers/storage/filestorage/consumer.go:40.2,43.8 1 1
github.com/ervand7/urlshortener/internal/controllers/storage/filestorage/consumer.go:37.16,39.3 1 0
github.com/ervand7/urlshortener/internal/controllers/storage/filestorage/filestorage.go:18.9,22.16 4 1
github.com/ervand7/urlshortener/internal/controllers/storage/filestorage/filestorage.go:25.2,25.15 1 1
github.com/ervand7/urlshortener/internal/controllers/storage/filestorage/filestorage.go:31.2,33.51 3 1
github.com/ervand7/urlshortener/internal/controllers/storage/filestorage/filestorage.go:36.2,36.12 1 1
github.com/ervand7/urlshortener/internal/controllers/storage/filestorage/filestorage.go:22.16,24.3 1 0
github.com/ervand7/urlshortener/internal/controllers/storage/filestorage/filestorage.go:25.15,26.41 1 1
github.com/ervand7/urlshortener/internal/controllers/storage/filestorage/filestorage.go:26.41,28.4 1 0
github.com/ervand7/urlshortener/internal/controllers/storage/filestorage/filestorage.go:33.51,35.3 1 0
github.com/ervand7/urlshortener/internal/controllers/storage/filestorage/filestorage.go:41.30,45.16 4 1
github.com/ervand7/urlshortener/internal/controllers/storage/filestorage/filestorage.go:48.2,48.15 1 1
github.com/ervand7/urlshortener/internal/controllers/storage/filestorage/filestorage.go:54.2,55.25 2 1
github.com/ervand7/urlshortener/internal/controllers/storage/filestorage/filestorage.go:58.2,59.13 2 1
github.com/ervand7/urlshortener/internal/controllers/storage/filestorage/filestorage.go:62.2,62.20 1 1
github.com/ervand7/urlshortener/internal/controllers/storage/filestorage/filestorage.go:45.16,47.3 1 0
github.com/ervand7/urlshortener/internal/controllers/storage/filestorage/filestorage.go:48.15,49.41 1 1
github.com/ervand7/urlshortener/internal/controllers/storage/filestorage/filestorage.go:49.41,51.4 1 0
github.com/ervand7/urlshortener/internal/controllers/storage/filestorage/filestorage.go:55.25,57.3 1 0
github.com/ervand7/urlshortener/internal/controllers/storage/filestorage/filestorage.go:59.13,61.3 1 0
github.com/ervand7/urlshortener/internal/controllers/storage/filestorage/filestorage.go:65.74,69.2 3 0
github.com/ervand7/urlshortener/internal/controllers/storage/filestorage/filestorage.go:73.43,77.2 3 0
github.com/ervand7/urlshortener/internal/controllers/storage/filestorage/filestorage.go:79.50,82.2 2 0
github.com/ervand7/urlshortener/internal/controllers/storage/filestorage/producer.go:16.63,18.16 2 1
github.com/ervand7/urlshortener/internal/controllers/storage/filestorage/producer.go:21.2,21.48 1 1
github.com/ervand7/urlshortener/internal/controllers/storage/filestorage/producer.go:24.2,24.46 1 1
github.com/ervand7/urlshortener/internal/controllers/storage/filestorage/producer.go:27.2,27.25 1 1
github.com/ervand7/urlshortener/internal/controllers/storage/filestorage/producer.go:18.16,20.3 1 0
github.com/ervand7/urlshortener/internal/controllers/storage/filestorage/producer.go:21.48,23.3 1 0
github.com/ervand7/urlshortener/internal/controllers/storage/filestorage/producer.go:24.46,26.3 1 0
github.com/ervand7/urlshortener/internal/controllers/storage/filestorage/producer.go:30.34,32.2 1 1
github.com/ervand7/urlshortener/internal/controllers/storage/filestorage/producer.go:34.39,37.16 3 1
github.com/ervand7/urlshortener/internal/controllers/storage/filestorage/producer.go:40.2,43.8 1 1
github.com/ervand7/urlshortener/internal/controllers/storage/filestorage/producer.go:37.16,39.3 1 0
github.com/ervand7/urlshortener/internal/controllers/storage/memorystorage/memory_storage.go:25.9,34.2 4 1
github.com/ervand7/urlshortener/internal/controllers/storage/memorystorage/memory_storage.go:38.30,43.2 4 1
github.com/ervand7/urlshortener/internal/controllers/storage/memorystorage/memory_storage.go:47.45,49.35 2 0
github.com/ervand7/urlshortener/internal/controllers/storage/memorystorage/memory_storage.go:59.2,59.22 1 0
github.com/ervand7/urlshortener/internal/controllers/storage/memorystorage/memory_storage.go:49.35,50.28 1 0
github.com/ervand7/urlshortener/internal/controllers/storage/memorystorage/memory_storage.go:50.28,56.4 2 0
github.com/ervand7/urlshortener/internal/controllers/storage/memorystorage/memory_storage.go:62.76,66.2 3 0
github.com/ervand7/urlshortener/internal/controllers/storage/memorystorage/memory_storage.go:68.52,71.2 2 0
github.com/ervand7/urlshortener/internal/server/middlewares.go:10.53,11.71 1 1
github.com/ervand7/urlshortener/internal/server/middlewares.go:11.71,12.49 1 1
github.com/ervand7/urlshortener/internal/server/middlewares.go:26.3,26.23 1 1
github.com/ervand7/urlshortener/internal/server/middlewares.go:12.49,14.18 2 1
github.com/ervand7/urlshortener/internal/server/middlewares.go:19.4,19.17 1 1
github.com/ervand7/urlshortener/internal/server/middlewares.go:24.4,24.28 1 1
github.com/ervand7/urlshortener/internal/server/middlewares.go:14.18,18.5 3 0
github.com/ervand7/urlshortener/internal/server/middlewares.go:19.17,20.50 1 1
github.com/ervand7/urlshortener/internal/server/middlewares.go:20.50,22.6 1 0
github.com/ervand7/urlshortener/internal/server/router.go:10.29,22.34 8 0
github.com/ervand7/urlshortener/internal/server/router.go:32.2,32.10 1 0
github.com/ervand7/urlshortener/internal/server/router.go:22.34,30.3 7 0
github.com/ervand7/urlshortener/internal/server/run.go:10.12,18.2 2 0
github.com/ervand7/urlshortener/internal/views/api_shorten.go:16.77,28.16 4 1
github.com/ervand7/urlshortener/internal/views/api_shorten.go:32.2,32.20 1 1
github.com/ervand7/urlshortener/internal/views/api_shorten.go:36.2,37.54 2 1
github.com/ervand7/urlshortener/internal/views/api_shorten.go:43.2,49.75 6 1
github.com/ervand7/urlshortener/internal/views/api_shorten.go:60.2,64.16 3 1
github.com/ervand7/urlshortener/internal/views/api_shorten.go:70.2,72.32 3 1
github.com/ervand7/urlshortener/internal/views/api_shorten.go:28.16,31.3 2 0
github.com/ervand7/urlshortener/internal/views/api_shorten.go:32.20,35.3 2 1
github.com/ervand7/urlshortener/internal/views/api_shorten.go:37.54,41.3 3 0
github.com/ervand7/urlshortener/internal/views/api_shorten.go:49.75,51.58 2 1
github.com/ervand7/urlshortener/internal/views/api_shorten.go:51.58,54.4 2 1
github.com/ervand7/urlshortener/internal/views/api_shorten.go:54.9,57.4 2 0
github.com/ervand7/urlshortener/internal/views/api_shorten.go:64.16,68.3 3 0
github.com/ervand7/urlshortener/internal/views/api_shorten_batch.go:16.79,19.16 3 1
github.com/ervand7/urlshortener/internal/views/api_shorten_batch.go:23.2,23.20 1 1
github.com/ervand7/urlshortener/internal/views/api_shorten_batch.go:28.2,43.55 3 1
github.com/ervand7/urlshortener/internal/views/api_shorten_batch.go:49.2,50.31 2 1
github.com/ervand7/urlshortener/internal/views/api_shorten_batch.go:58.2,59.16 2 1
github.com/ervand7/urlshortener/internal/views/api_shorten_batch.go:65.2,67.62 3 1
github.com/ervand7/urlshortener/internal/views/api_shorten_batch.go:73.2,75.32 3 1
github.com/ervand7/urlshortener/internal/views/api_shorten_batch.go:19.16,22.3 2 0
github.com/ervand7/urlshortener/internal/views/api_shorten_batch.go:23.20,26.3 2 0
github.com/ervand7/urlshortener/internal/views/api_shorten_batch.go:43.55,47.3 3 0
github.com/ervand7/urlshortener/internal/views/api_shorten_batch.go:50.31,57.3 5 1
github.com/ervand7/urlshortener/internal/views/api_shorten_batch.go:59.16,63.3 3 0
github.com/ervand7/urlshortener/internal/views/api_shorten_batch.go:67.62,71.3 3 0
github.com/ervand7/urlshortener/internal/views/base.go:21.19,24.16 2 1
github.com/ervand7/urlshortener/internal/views/base.go:37.2,37.15 1 1
github.com/ervand7/urlshortener/internal/views/base.go:24.16,28.3 3 1
github.com/ervand7/urlshortener/internal/views/base.go:28.8,31.17 3 0
github.com/ervand7/urlshortener/internal/views/base.go:35.3,35.27 1 0
github.com/ervand7/urlshortener/internal/views/base.go:31.17,34.4 2 0
github.com/ervand7/urlshortener/internal/views/base.go:40.77,43.2 2 1
github.com/ervand7/urlshortener/internal/views/base.go:45.63,47.16 2 1
github.com/ervand7/urlshortener/internal/views/base.go:47.16,49.3 1 0
github.com/ervand7/urlshortener/internal/views/base.go:52.49,54.16 2 1
github.com/ervand7/urlshortener/internal/views/base.go:54.16,56.3 1 0
github.com/ervand7/urlshortener/internal/views/delete_urls.go:15.78,18.16 3 1
github.com/ervand7/urlshortener/internal/views/delete_urls.go:23.2,24.16 2 1
github.com/ervand7/urlshortener/internal/views/delete_urls.go:30.2,34.72 2 1
github.com/ervand7/urlshortener/internal/views/delete_urls.go:40.2,43.16 4 1
github.com/ervand7/urlshortener/internal/views/delete_urls.go:48.2,48.31 1 1
github.com/ervand7/urlshortener/internal/views/delete_urls.go:51.2,51.59 1 1
github.com/ervand7/urlshortener/internal/views/delete_urls.go:55.2,56.12 2 1
github.com/ervand7/urlshortener/internal/views/delete_urls.go:59.2,59.36 1 1
github.com/ervand7/urlshortener/internal/views/delete_urls.go:18.16,22.3 3 0
github.com/ervand7/urlshortener/internal/views/delete_urls.go:24.16,28.3 3 0
github.com/ervand7/urlshortener/internal/views/delete_urls.go:34.72,38.3 3 0
github.com/ervand7/urlshortener/internal/views/delete_urls.go:43.16,47.3 3 0
github.com/ervand7/urlshortener/internal/views/delete_urls.go:48.31,50.3 1 1
github.com/ervand7/urlshortener/internal/views/delete_urls.go:51.59,53.3 1 0
github.com/ervand7/urlshortener/internal/views/delete_urls.go:56.12,58.3 1 1
github.com/ervand7/urlshortener/internal/views/get_url.go:15.70,22.16 6 1
github.com/ervand7/urlshortener/internal/views/get_url.go:35.2,35.18 1 1
github.com/ervand7/urlshortener/internal/views/get_url.go:40.2,40.59 1 1
github.com/ervand7/urlshortener/internal/views/get_url.go:22.16,24.46 2 1
github.com/ervand7/urlshortener/internal/views/get_url.go:28.3,28.43 1 1
github.com/ervand7/urlshortener/internal/views/get_url.go:32.3,33.9 2 0
github.com/ervand7/urlshortener/internal/views/get_url.go:24.46,27.4 2 1
github.com/ervand7/urlshortener/internal/views/get_url.go:28.43,31.4 2 1
github.com/ervand7/urlshortener/internal/views/get_url.go:35.18,38.3 2 0
github.com/ervand7/urlshortener/internal/views/ping_db.go:12.70,15.16 3 0
github.com/ervand7/urlshortener/internal/views/ping_db.go:21.2,22.15 2 0
github.com/ervand7/urlshortener/internal/views/ping_db.go:30.2,31.16 2 0
github.com/ervand7/urlshortener/internal/views/ping_db.go:37.2,38.16 2 0
github.com/ervand7/urlshortener/internal/views/ping_db.go:15.16,19.3 3 0
github.com/ervand7/urlshortener/internal/views/ping_db.go:22.15,23.52 1 0
github.com/ervand7/urlshortener/internal/views/ping_db.go:26.3,26.39 1 0
github.com/ervand7/urlshortener/internal/views/ping_db.go:23.52,25.4 1 0
github.com/ervand7/urlshortener/internal/views/ping_db.go:26.39,28.4 1 0
github.com/ervand7/urlshortener/internal/views/ping_db.go:31.16,35.3 3 0
github.com/ervand7/urlshortener/internal/views/ping_db.go:38.16,42.3 3 0
github.com/ervand7/urlshortener/internal/views/ping_db.go:42.8,44.3 1 0
github.com/ervand7/urlshortener/internal/views/shorten.go:15.74,18.16 3 1
github.com/ervand7/urlshortener/internal/views/shorten.go:22.2,23.18 2 1
github.com/ervand7/urlshortener/internal/views/shorten.go:28.2,34.70 6 1
github.com/ervand7/urlshortener/internal/views/shorten.go:45.2,47.32 3 1
github.com/ervand7/urlshortener/internal/views/shorten.go:18.16,21.3 2 0
github.com/ervand7/urlshortener/internal/views/shorten.go:23.18,26.3 2 1
github.com/ervand7/urlshortener/internal/views/shorten.go:34.70,36.58 2 1
github.com/ervand7/urlshortener/internal/views/shorten.go:36.58,39.4 2 1
github.com/ervand7/urlshortener/internal/views/shorten.go:39.9,42.4 2 0
github.com/ervand7/urlshortener/internal/views/user_urls.go:14.72,16.16 2 1
github.com/ervand7/urlshortener/internal/views/user_urls.go:20.2,21.16 2 1
github.com/ervand7/urlshortener/internal/views/user_urls.go:27.2,30.16 4 1
github.com/ervand7/urlshortener/internal/views/user_urls.go:35.2,36.16 2 1
github.com/ervand7/urlshortener/internal/views/user_urls.go:42.2,44.22 3 1
github.com/ervand7/urlshortener/internal/views/user_urls.go:16.16,19.3 2 1
github.com/ervand7/urlshortener/internal/views/user_urls.go:21.16,25.3 3 0
github.com/ervand7/urlshortener/internal/views/user_urls.go:30.16,34.3 3 0
github.com/ervand7/urlshortener/internal/views/user_urls.go:36.16,40.3 3 0
