mode: set
github.com/ervand7/urlshortener/internal/config/config.go:28.13,33.2 4 1
github.com/ervand7/urlshortener/internal/config/config.go:42.25,45.16 3 1
github.com/ervand7/urlshortener/internal/config/config.go:49.2,50.25 2 1
github.com/ervand7/urlshortener/internal/config/config.go:53.2,53.24 1 1
github.com/ervand7/urlshortener/internal/config/config.go:56.2,56.32 1 1
github.com/ervand7/urlshortener/internal/config/config.go:59.2,59.28 1 1
github.com/ervand7/urlshortener/internal/config/config.go:63.2,63.12 1 1
github.com/ervand7/urlshortener/internal/config/config.go:45.16,47.3 1 0
github.com/ervand7/urlshortener/internal/config/config.go:50.25,52.3 1 1
github.com/ervand7/urlshortener/internal/config/config.go:53.24,55.3 1 1
github.com/ervand7/urlshortener/internal/config/config.go:56.32,58.3 1 1
github.com/ervand7/urlshortener/internal/config/config.go:59.28,61.3 1 0
github.com/ervand7/urlshortener/internal/config/config.go:67.32,68.30 1 0
github.com/ervand7/urlshortener/internal/config/config.go:71.2,72.27 2 0
github.com/ervand7/urlshortener/internal/config/config.go:68.30,70.3 1 0
github.com/ervand7/urlshortener/internal/config/config.go:76.26,77.24 1 0
github.com/ervand7/urlshortener/internal/config/config.go:80.2,81.21 2 0
github.com/ervand7/urlshortener/internal/config/config.go:77.24,79.3 1 0
github.com/ervand7/urlshortener/internal/config/config.go:85.34,86.32 1 0
github.com/ervand7/urlshortener/internal/config/config.go:89.2,90.29 2 0
github.com/ervand7/urlshortener/internal/config/config.go:86.32,88.3 1 0
github.com/ervand7/urlshortener/internal/config/config.go:94.30,95.28 1 0
github.com/ervand7/urlshortener/internal/config/config.go:98.2,99.25 2 0
github.com/ervand7/urlshortener/internal/config/config.go:95.28,97.3 1 0
github.com/ervand7/urlshortener/internal/controllers/algorithms/is_subset.go:4.44,5.30 1 1
github.com/ervand7/urlshortener/internal/controllers/algorithms/is_subset.go:9.2,10.26 2 1
github.com/ervand7/urlshortener/internal/controllers/algorithms/is_subset.go:13.2,13.27 1 1
github.com/ervand7/urlshortener/internal/controllers/algorithms/is_subset.go:19.2,19.13 1 1
github.com/ervand7/urlshortener/internal/controllers/algorithms/is_subset.go:5.30,7.3 1 0
github.com/ervand7/urlshortener/internal/controllers/algorithms/is_subset.go:10.26,12.3 1 1
github.com/ervand7/urlshortener/internal/controllers/algorithms/is_subset.go:13.27,14.28 1 1
github.com/ervand7/urlshortener/internal/controllers/algorithms/is_subset.go:14.28,16.4 1 1
github.com/ervand7/urlshortener/internal/controllers/algorithms/url.go:13.13,15.2 1 1
github.com/ervand7/urlshortener/internal/controllers/algorithms/url.go:18.32,21.24 3 1
github.com/ervand7/urlshortener/internal/controllers/algorithms/url.go:25.2,25.51 1 1
github.com/ervand7/urlshortener/internal/controllers/algorithms/url.go:21.24,24.3 2 1
github.com/ervand7/urlshortener/internal/controllers/algorithms/url.go:29.42,31.30 2 1
github.com/ervand7/urlshortener/internal/controllers/algorithms/url.go:31.30,32.37 1 1
github.com/ervand7/urlshortener/internal/controllers/algorithms/url.go:32.37,34.4 1 1
github.com/ervand7/urlshortener/internal/controllers/storage/dbstorage/test_data.go:9.18,12.15 3 1
github.com/ervand7/urlshortener/internal/controllers/storage/dbstorage/test_data.go:12.15,13.72 1 1
github.com/ervand7/urlshortener/internal/controllers/storage/dbstorage/test_data.go:13.72,15.4 1 0
github.com/ervand7/urlshortener/internal/controllers/storage/dbstorage/dbstorage.go:44.43,54.2 3 1
github.com/ervand7/urlshortener/internal/controllers/storage/dbstorage/dbstorage.go:57.82,60.16 3 1
github.com/ervand7/urlshortener/internal/controllers/storage/dbstorage/dbstorage.go:63.2,65.18 2 1
github.com/ervand7/urlshortener/internal/controllers/storage/dbstorage/dbstorage.go:71.2,72.16 2 1
github.com/ervand7/urlshortener/internal/controllers/storage/dbstorage/dbstorage.go:75.2,75.27 1 1
github.com/ervand7/urlshortener/internal/controllers/storage/dbstorage/dbstorage.go:79.2,79.12 1 1
github.com/ervand7/urlshortener/internal/controllers/storage/dbstorage/dbstorage.go:60.16,62.3 1 0
github.com/ervand7/urlshortener/internal/controllers/storage/dbstorage/dbstorage.go:65.18,67.17 2 1
github.com/ervand7/urlshortener/internal/controllers/storage/dbstorage/dbstorage.go:67.17,69.4 1 0
github.com/ervand7/urlshortener/internal/controllers/storage/dbstorage/dbstorage.go:72.16,74.3 1 0
github.com/ervand7/urlshortener/internal/controllers/storage/dbstorage/dbstorage.go:75.27,77.3 1 0
github.com/ervand7/urlshortener/internal/controllers/storage/dbstorage/dbstorage.go:83.82,85.16 2 1
github.com/ervand7/urlshortener/internal/controllers/storage/dbstorage/dbstorage.go:88.2,88.15 1 1
github.com/ervand7/urlshortener/internal/controllers/storage/dbstorage/dbstorage.go:92.2,93.16 2 1
github.com/ervand7/urlshortener/internal/controllers/storage/dbstorage/dbstorage.go:96.2,96.15 1 1
github.com/ervand7/urlshortener/internal/controllers/storage/dbstorage/dbstorage.go:103.2,103.30 1 1
github.com/ervand7/urlshortener/internal/controllers/storage/dbstorage/dbstorage.go:109.2,109.29 1 1
github.com/ervand7/urlshortener/internal/controllers/storage/dbstorage/dbstorage.go:85.16,87.3 1 0
github.com/ervand7/urlshortener/internal/controllers/storage/dbstorage/dbstorage.go:88.15,90.3 1 1
github.com/ervand7/urlshortener/internal/controllers/storage/dbstorage/dbstorage.go:93.16,95.3 1 0
github.com/ervand7/urlshortener/internal/controllers/storage/dbstorage/dbstorage.go:96.15,98.17 2 1
github.com/ervand7/urlshortener/internal/controllers/storage/dbstorage/dbstorage.go:98.17,100.4 1 0
github.com/ervand7/urlshortener/internal/controllers/storage/dbstorage/dbstorage.go:103.30,104.78 1 1
github.com/ervand7/urlshortener/internal/controllers/storage/dbstorage/dbstorage.go:104.78,106.4 1 0
github.com/ervand7/urlshortener/internal/controllers/storage/dbstorage/dbstorage.go:113.87,120.16 4 1
github.com/ervand7/urlshortener/internal/controllers/storage/dbstorage/dbstorage.go:123.2,123.13 1 1
github.com/ervand7/urlshortener/internal/controllers/storage/dbstorage/dbstorage.go:127.2,127.20 1 1
github.com/ervand7/urlshortener/internal/controllers/storage/dbstorage/dbstorage.go:120.16,122.3 1 0
github.com/ervand7/urlshortener/internal/controllers/storage/dbstorage/dbstorage.go:123.13,125.3 1 0
github.com/ervand7/urlshortener/internal/controllers/storage/dbstorage/dbstorage.go:133.43,137.16 2 1
github.com/ervand7/urlshortener/internal/controllers/storage/dbstorage/dbstorage.go:140.2,141.16 2 1
github.com/ervand7/urlshortener/internal/controllers/storage/dbstorage/dbstorage.go:144.2,151.18 4 1
github.com/ervand7/urlshortener/internal/controllers/storage/dbstorage/dbstorage.go:163.2,163.20 1 1
github.com/ervand7/urlshortener/internal/controllers/storage/dbstorage/dbstorage.go:137.16,139.3 1 0
github.com/ervand7/urlshortener/internal/controllers/storage/dbstorage/dbstorage.go:141.16,143.3 1 0
github.com/ervand7/urlshortener/internal/controllers/storage/dbstorage/dbstorage.go:151.18,153.17 2 1
github.com/ervand7/urlshortener/internal/controllers/storage/dbstorage/dbstorage.go:156.3,160.32 2 1
github.com/ervand7/urlshortener/internal/controllers/storage/dbstorage/dbstorage.go:153.17,155.4 1 0
github.com/ervand7/urlshortener/internal/controllers/storage/dbstorage/dbstorage.go:167.56,168.32 1 1
github.com/ervand7/urlshortener/internal/controllers/storage/dbstorage/dbstorage.go:168.32,169.25 1 1
github.com/ervand7/urlshortener/internal/controllers/storage/dbstorage/dbstorage.go:169.25,171.4 1 1
github.com/ervand7/urlshortener/internal/controllers/storage/dbstorage/dbstorage.go:175.35,177.6 2 1
github.com/ervand7/urlshortener/internal/controllers/storage/dbstorage/dbstorage.go:177.6,178.10 1 1
github.com/ervand7/urlshortener/internal/controllers/storage/dbstorage/dbstorage.go:179.32,180.20 1 1
github.com/ervand7/urlshortener/internal/controllers/storage/dbstorage/dbstorage.go:184.4,185.28 2 1
github.com/ervand7/urlshortener/internal/controllers/storage/dbstorage/dbstorage.go:189.20,190.22 1 1
github.com/ervand7/urlshortener/internal/controllers/storage/dbstorage/dbstorage.go:180.20,183.5 2 1
github.com/ervand7/urlshortener/internal/controllers/storage/dbstorage/dbstorage.go:185.28,188.5 2 0
github.com/ervand7/urlshortener/internal/controllers/storage/dbstorage/dbstorage.go:190.22,192.5 1 1
github.com/ervand7/urlshortener/internal/controllers/storage/dbstorage/dbstorage.go:197.48,201.12 4 1
github.com/ervand7/urlshortener/internal/controllers/storage/dbstorage/dbstorage.go:201.12,203.17 2 1
github.com/ervand7/urlshortener/internal/controllers/storage/dbstorage/dbstorage.go:203.17,205.4 1 0
github.com/ervand7/urlshortener/internal/controllers/storage/dbstorage/dbstorage.go:209.80,215.16 2 1
github.com/ervand7/urlshortener/internal/controllers/storage/dbstorage/dbstorage.go:219.2,219.12 1 1
github.com/ervand7/urlshortener/internal/controllers/storage/dbstorage/dbstorage.go:215.16,217.3 1 0
github.com/ervand7/urlshortener/internal/controllers/storage/dbstorage/settings.go:28.27,30.16 2 1
github.com/ervand7/urlshortener/internal/controllers/storage/dbstorage/settings.go:33.2,35.16 3 1
github.com/ervand7/urlshortener/internal/controllers/storage/dbstorage/settings.go:30.16,32.3 1 0
github.com/ervand7/urlshortener/internal/controllers/storage/dbstorage/settings.go:35.16,37.3 1 0
github.com/ervand7/urlshortener/internal/controllers/storage/dbstorage/settings.go:41.45,43.16 2 1
github.com/ervand7/urlshortener/internal/controllers/storage/dbstorage/settings.go:46.2,47.12 2 1
github.com/ervand7/urlshortener/internal/controllers/storage/dbstorage/settings.go:43.16,45.3 1 0
github.com/ervand7/urlshortener/internal/controllers/storage/dbstorage/settings.go:51.45,53.16 2 0
github.com/ervand7/urlshortener/internal/controllers/storage/dbstorage/settings.go:56.2,56.12 1 0
github.com/ervand7/urlshortener/internal/controllers/storage/dbstorage/settings.go:53.16,55.3 1 0
github.com/ervand7/urlshortener/internal/controllers/storage/dbstorage/settings.go:60.40,62.16 2 0
github.com/ervand7/urlshortener/internal/controllers/storage/dbstorage/settings.go:65.2,65.12 1 0
github.com/ervand7/urlshortener/internal/controllers/storage/dbstorage/settings.go:62.16,64.3 1 0
github.com/ervand7/urlshortener/internal/controllers/storage/dbstorage/settings.go:69.47,70.37 1 1
github.com/ervand7/urlshortener/internal/controllers/storage/dbstorage/settings.go:70.37,72.3 1 0
github.com/ervand7/urlshortener/internal/controllers/storage/dbstorage/settings.go:75.43,76.68 1 1
github.com/ervand7/urlshortener/internal/controllers/storage/dbstorage/settings.go:79.2,79.12 1 1
github.com/ervand7/urlshortener/internal/controllers/storage/dbstorage/settings.go:76.68,78.3 1 0
github.com/ervand7/urlshortener/internal/controllers/storage/dbstorage/settings.go:82.35,87.2 4 1
github.com/ervand7/urlshortener/internal/controllers/storage/dbstorage/settings.go:89.32,94.2 4 1
github.com/ervand7/urlshortener/internal/controllers/storage/filestorage/consumer.go:16.59,17.23 1 1
github.com/ervand7/urlshortener/internal/controllers/storage/filestorage/consumer.go:20.2,21.23 2 1
github.com/ervand7/urlshortener/internal/controllers/storage/filestorage/consumer.go:27.2,27.20 1 1
github.com/ervand7/urlshortener/internal/controllers/storage/filestorage/consumer.go:17.23,19.3 1 0
github.com/ervand7/urlshortener/internal/controllers/storage/filestorage/consumer.go:21.23,23.54 2 1
github.com/ervand7/urlshortener/internal/controllers/storage/filestorage/consumer.go:23.54,25.4 1 0
github.com/ervand7/urlshortener/internal/controllers/storage/filestorage/consumer.go:30.34,32.2 1 1
github.com/ervand7/urlshortener/internal/controllers/storage/filestorage/consumer.go:34.39,37.16 3 1
github.com/ervand7/urlshortener/internal/controllers/storage/filestorage/consumer.go:40.2,43.8 1 1
github.com/ervand7/urlshortener/internal/controllers/storage/filestorage/consumer.go:37.16,39.3 1 0
github.com/ervand7/urlshortener/internal/controllers/storage/filestorage/filestorage.go:20.9,24.16 4 1
github.com/ervand7/urlshortener/internal/controllers/storage/filestorage/filestorage.go:27.2,27.15 1 1
github.com/ervand7/urlshortener/internal/controllers/storage/filestorage/filestorage.go:33.2,35.51 3 1
github.com/ervand7/urlshortener/internal/controllers/storage/filestorage/filestorage.go:38.2,38.12 1 1
github.com/ervand7/urlshortener/internal/controllers/storage/filestorage/filestorage.go:24.16,26.3 1 0
github.com/ervand7/urlshortener/internal/controllers/storage/filestorage/filestorage.go:27.15,28.41 1 1
github.com/ervand7/urlshortener/internal/controllers/storage/filestorage/filestorage.go:28.41,30.4 1 0
github.com/ervand7/urlshortener/internal/controllers/storage/filestorage/filestorage.go:35.51,37.3 1 0
github.com/ervand7/urlshortener/internal/controllers/storage/filestorage/filestorage.go:44.30,48.16 4 1
github.com/ervand7/urlshortener/internal/controllers/storage/filestorage/filestorage.go:51.2,51.15 1 1
github.com/ervand7/urlshortener/internal/controllers/storage/filestorage/filestorage.go:57.2,58.25 2 1
github.com/ervand7/urlshortener/internal/controllers/storage/filestorage/filestorage.go:61.2,62.13 2 1
github.com/ervand7/urlshortener/internal/controllers/storage/filestorage/filestorage.go:65.2,65.20 1 1
github.com/ervand7/urlshortener/internal/controllers/storage/filestorage/filestorage.go:48.16,50.3 1 0
github.com/ervand7/urlshortener/internal/controllers/storage/filestorage/filestorage.go:51.15,52.41 1 1
github.com/ervand7/urlshortener/internal/controllers/storage/filestorage/filestorage.go:52.41,54.4 1 0
github.com/ervand7/urlshortener/internal/controllers/storage/filestorage/filestorage.go:58.25,60.3 1 0
github.com/ervand7/urlshortener/internal/controllers/storage/filestorage/filestorage.go:62.13,64.3 1 0
github.com/ervand7/urlshortener/internal/controllers/storage/filestorage/filestorage.go:71.43,75.2 3 0
github.com/ervand7/urlshortener/internal/controllers/storage/filestorage/filestorage.go:78.74,82.2 3 0
github.com/ervand7/urlshortener/internal/controllers/storage/filestorage/filestorage.go:85.50,88.2 2 0
github.com/ervand7/urlshortener/internal/controllers/storage/filestorage/producer.go:16.63,18.16 2 1
github.com/ervand7/urlshortener/internal/controllers/storage/filestorage/producer.go:21.2,21.48 1 1
github.com/ervand7/urlshortener/internal/controllers/storage/filestorage/producer.go:24.2,24.46 1 1
github.com/ervand7/urlshortener/internal/controllers/storage/filestorage/producer.go:27.2,27.25 1 1
github.com/ervand7/urlshortener/internal/controllers/storage/filestorage/producer.go:18.16,20.3 1 0
github.com/ervand7/urlshortener/internal/controllers/storage/filestorage/producer.go:21.48,23.3 1 0
github.com/ervand7/urlshortener/internal/controllers/storage/filestorage/producer.go:24.46,26.3 1 0
github.com/ervand7/urlshortener/internal/controllers/storage/filestorage/producer.go:30.34,32.2 1 1
github.com/ervand7/urlshortener/internal/controllers/storage/filestorage/producer.go:34.39,37.16 3 1
github.com/ervand7/urlshortener/internal/controllers/storage/filestorage/producer.go:40.2,43.8 1 1
github.com/ervand7/urlshortener/internal/controllers/storage/filestorage/producer.go:37.16,39.3 1 0
github.com/ervand7/urlshortener/internal/controllers/storage/memorystorage/memory_storage.go:28.9,37.2 4 1
github.com/ervand7/urlshortener/internal/controllers/storage/memorystorage/memory_storage.go:42.30,47.2 4 1
github.com/ervand7/urlshortener/internal/controllers/storage/memorystorage/memory_storage.go:52.45,54.35 2 0
github.com/ervand7/urlshortener/internal/controllers/storage/memorystorage/memory_storage.go:64.2,64.22 1 0
github.com/ervand7/urlshortener/internal/controllers/storage/memorystorage/memory_storage.go:54.35,55.28 1 0
github.com/ervand7/urlshortener/internal/controllers/storage/memorystorage/memory_storage.go:55.28,61.4 2 0
github.com/ervand7/urlshortener/internal/controllers/storage/memorystorage/memory_storage.go:68.76,72.2 3 0
github.com/ervand7/urlshortener/internal/controllers/storage/memorystorage/memory_storage.go:75.52,78.2 2 0
github.com/ervand7/urlshortener/internal/server/middlewares.go:11.53,12.71 1 1
github.com/ervand7/urlshortener/internal/server/middlewares.go:12.71,13.49 1 1
github.com/ervand7/urlshortener/internal/server/middlewares.go:27.3,27.23 1 1
github.com/ervand7/urlshortener/internal/server/middlewares.go:13.49,15.18 2 1
github.com/ervand7/urlshortener/internal/server/middlewares.go:20.4,20.17 1 1
github.com/ervand7/urlshortener/internal/server/middlewares.go:25.4,25.28 1 1
github.com/ervand7/urlshortener/internal/server/middlewares.go:15.18,19.5 3 0
github.com/ervand7/urlshortener/internal/server/middlewares.go:20.17,21.50 1 1
github.com/ervand7/urlshortener/internal/server/middlewares.go:21.50,23.6 1 0
github.com/ervand7/urlshortener/internal/server/router.go:10.29,22.34 8 0
github.com/ervand7/urlshortener/internal/server/router.go:32.2,32.10 1 0
github.com/ervand7/urlshortener/internal/server/router.go:22.34,30.3 7 0
github.com/ervand7/urlshortener/internal/server/run.go:11.12,19.2 2 0
github.com/ervand7/urlshortener/internal/views/get_url.go:15.70,22.16 6 1
github.com/ervand7/urlshortener/internal/views/get_url.go:35.2,35.18 1 1
github.com/ervand7/urlshortener/internal/views/get_url.go:40.2,40.59 1 1
github.com/ervand7/urlshortener/internal/views/get_url.go:22.16,24.46 2 1
github.com/ervand7/urlshortener/internal/views/get_url.go:28.3,28.43 1 1
github.com/ervand7/urlshortener/internal/views/get_url.go:32.3,33.9 2 0
github.com/ervand7/urlshortener/internal/views/get_url.go:24.46,27.4 2 1
github.com/ervand7/urlshortener/internal/views/get_url.go:28.43,31.4 2 1
github.com/ervand7/urlshortener/internal/views/get_url.go:35.18,38.3 2 0
github.com/ervand7/urlshortener/internal/views/shorten.go:15.74,18.16 3 1
github.com/ervand7/urlshortener/internal/views/shorten.go:22.2,23.18 2 1
github.com/ervand7/urlshortener/internal/views/shorten.go:28.2,34.70 6 1
github.com/ervand7/urlshortener/internal/views/shorten.go:45.2,47.32 3 1
github.com/ervand7/urlshortener/internal/views/shorten.go:18.16,21.3 2 0
github.com/ervand7/urlshortener/internal/views/shorten.go:23.18,26.3 2 1
github.com/ervand7/urlshortener/internal/views/shorten.go:34.70,36.58 2 1
github.com/ervand7/urlshortener/internal/views/shorten.go:36.58,39.4 2 1
github.com/ervand7/urlshortener/internal/views/shorten.go:39.9,42.4 2 0
github.com/ervand7/urlshortener/internal/views/user_urls.go:14.72,16.16 2 1
github.com/ervand7/urlshortener/internal/views/user_urls.go:20.2,21.16 2 1
github.com/ervand7/urlshortener/internal/views/user_urls.go:27.2,30.16 4 1
github.com/ervand7/urlshortener/internal/views/user_urls.go:35.2,36.16 2 1
github.com/ervand7/urlshortener/internal/views/user_urls.go:42.2,44.22 3 1
github.com/ervand7/urlshortener/internal/views/user_urls.go:16.16,19.3 2 1
github.com/ervand7/urlshortener/internal/views/user_urls.go:21.16,25.3 3 0
github.com/ervand7/urlshortener/internal/views/user_urls.go:30.16,34.3 3 0
github.com/ervand7/urlshortener/internal/views/user_urls.go:36.16,40.3 3 0
github.com/ervand7/urlshortener/internal/views/api_shorten.go:16.77,29.16 4 1
github.com/ervand7/urlshortener/internal/views/api_shorten.go:33.2,33.20 1 1
github.com/ervand7/urlshortener/internal/views/api_shorten.go:37.2,38.54 2 1
github.com/ervand7/urlshortener/internal/views/api_shorten.go:44.2,50.75 6 1
github.com/ervand7/urlshortener/internal/views/api_shorten.go:61.2,65.16 3 1
github.com/ervand7/urlshortener/internal/views/api_shorten.go:71.2,73.32 3 1
github.com/ervand7/urlshortener/internal/views/api_shorten.go:29.16,32.3 2 0
github.com/ervand7/urlshortener/internal/views/api_shorten.go:33.20,36.3 2 1
github.com/ervand7/urlshortener/internal/views/api_shorten.go:38.54,42.3 3 0
github.com/ervand7/urlshortener/internal/views/api_shorten.go:50.75,52.58 2 1
github.com/ervand7/urlshortener/internal/views/api_shorten.go:52.58,55.4 2 1
github.com/ervand7/urlshortener/internal/views/api_shorten.go:55.9,58.4 2 0
github.com/ervand7/urlshortener/internal/views/api_shorten.go:65.16,69.3 3 0
github.com/ervand7/urlshortener/internal/views/base.go:24.19,27.16 2 1
github.com/ervand7/urlshortener/internal/views/base.go:40.2,40.15 1 1
github.com/ervand7/urlshortener/internal/views/base.go:27.16,31.3 3 1
github.com/ervand7/urlshortener/internal/views/base.go:31.8,34.17 3 0
github.com/ervand7/urlshortener/internal/views/base.go:38.3,38.27 1 0
github.com/ervand7/urlshortener/internal/views/base.go:34.17,37.4 2 0
github.com/ervand7/urlshortener/internal/views/base.go:43.77,46.2 2 1
github.com/ervand7/urlshortener/internal/views/base.go:49.63,51.16 2 1
github.com/ervand7/urlshortener/internal/views/base.go:51.16,53.3 1 0
github.com/ervand7/urlshortener/internal/views/base.go:57.49,59.16 2 1
github.com/ervand7/urlshortener/internal/views/base.go:59.16,61.3 1 0
github.com/ervand7/urlshortener/internal/views/delete_urls.go:15.78,18.16 3 1
github.com/ervand7/urlshortener/internal/views/delete_urls.go:23.2,24.16 2 1
github.com/ervand7/urlshortener/internal/views/delete_urls.go:30.2,34.72 2 1
github.com/ervand7/urlshortener/internal/views/delete_urls.go:40.2,43.16 4 1
github.com/ervand7/urlshortener/internal/views/delete_urls.go:48.2,48.31 1 1
github.com/ervand7/urlshortener/internal/views/delete_urls.go:51.2,51.59 1 1
github.com/ervand7/urlshortener/internal/views/delete_urls.go:55.2,56.12 2 1
github.com/ervand7/urlshortener/internal/views/delete_urls.go:59.2,59.36 1 1
github.com/ervand7/urlshortener/internal/views/delete_urls.go:18.16,22.3 3 0
github.com/ervand7/urlshortener/internal/views/delete_urls.go:24.16,28.3 3 0
github.com/ervand7/urlshortener/internal/views/delete_urls.go:34.72,38.3 3 0
github.com/ervand7/urlshortener/internal/views/delete_urls.go:43.16,47.3 3 0
github.com/ervand7/urlshortener/internal/views/delete_urls.go:48.31,50.3 1 1
github.com/ervand7/urlshortener/internal/views/delete_urls.go:51.59,53.3 1 0
github.com/ervand7/urlshortener/internal/views/delete_urls.go:56.12,58.3 1 1
github.com/ervand7/urlshortener/internal/views/api_shorten_batch.go:16.79,19.16 3 1
github.com/ervand7/urlshortener/internal/views/api_shorten_batch.go:23.2,23.20 1 1
github.com/ervand7/urlshortener/internal/views/api_shorten_batch.go:28.2,43.55 3 1
github.com/ervand7/urlshortener/internal/views/api_shorten_batch.go:49.2,50.31 2 1
github.com/ervand7/urlshortener/internal/views/api_shorten_batch.go:58.2,59.16 2 1
github.com/ervand7/urlshortener/internal/views/api_shorten_batch.go:65.2,67.62 3 1
github.com/ervand7/urlshortener/internal/views/api_shorten_batch.go:73.2,75.32 3 1
github.com/ervand7/urlshortener/internal/views/api_shorten_batch.go:19.16,22.3 2 0
github.com/ervand7/urlshortener/internal/views/api_shorten_batch.go:23.20,26.3 2 0
github.com/ervand7/urlshortener/internal/views/api_shorten_batch.go:43.55,47.3 3 0
github.com/ervand7/urlshortener/internal/views/api_shorten_batch.go:50.31,57.3 5 1
github.com/ervand7/urlshortener/internal/views/api_shorten_batch.go:59.16,63.3 3 0
github.com/ervand7/urlshortener/internal/views/api_shorten_batch.go:67.62,71.3 3 0
github.com/ervand7/urlshortener/internal/views/ping_db.go:12.70,15.16 3 0
github.com/ervand7/urlshortener/internal/views/ping_db.go:21.2,22.15 2 0
github.com/ervand7/urlshortener/internal/views/ping_db.go:30.2,31.16 2 0
github.com/ervand7/urlshortener/internal/views/ping_db.go:37.2,38.16 2 0
github.com/ervand7/urlshortener/internal/views/ping_db.go:15.16,19.3 3 0
github.com/ervand7/urlshortener/internal/views/ping_db.go:22.15,23.52 1 0
github.com/ervand7/urlshortener/internal/views/ping_db.go:26.3,26.39 1 0
github.com/ervand7/urlshortener/internal/views/ping_db.go:23.52,25.4 1 0
github.com/ervand7/urlshortener/internal/views/ping_db.go:26.39,28.4 1 0
github.com/ervand7/urlshortener/internal/views/ping_db.go:31.16,35.3 3 0
github.com/ervand7/urlshortener/internal/views/ping_db.go:38.16,42.3 3 0
github.com/ervand7/urlshortener/internal/views/ping_db.go:42.8,44.3 1 0
